[2025-02-12 22:45:01,759] {taskinstance.py:1032} INFO - Dependencies all met for <TaskInstance: init_dag.insert_data scheduled__2025-02-12T22:40:00+00:00 [queued]>
[2025-02-12 22:45:01,765] {taskinstance.py:1032} INFO - Dependencies all met for <TaskInstance: init_dag.insert_data scheduled__2025-02-12T22:40:00+00:00 [queued]>
[2025-02-12 22:45:01,765] {taskinstance.py:1238} INFO - 
--------------------------------------------------------------------------------
[2025-02-12 22:45:01,766] {taskinstance.py:1239} INFO - Starting attempt 1 of 1
[2025-02-12 22:45:01,766] {taskinstance.py:1240} INFO - 
--------------------------------------------------------------------------------
[2025-02-12 22:45:01,773] {taskinstance.py:1259} INFO - Executing <Task(PostgresOperator): insert_data> on 2025-02-12 22:40:00+00:00
[2025-02-12 22:45:01,778] {standard_task_runner.py:76} INFO - Running: ['***', 'tasks', 'run', 'init_dag', 'insert_data', 'scheduled__2025-02-12T22:40:00+00:00', '--job-id', '42', '--raw', '--subdir', 'DAGS_FOLDER/init_dag.py', '--cfg-path', '/tmp/tmpxp4irjuh', '--error-file', '/tmp/tmp8iguf17a']
[2025-02-12 22:45:01,779] {standard_task_runner.py:77} INFO - Job 42: Subtask insert_data
[2025-02-12 22:45:01,777] {standard_task_runner.py:52} INFO - Started process 5472 to run task
[2025-02-12 22:45:01,812] {logging_mixin.py:109} INFO - Running <TaskInstance: init_dag.insert_data scheduled__2025-02-12T22:40:00+00:00 [running]> on host c04d67a5d545
[2025-02-12 22:45:01,843] {taskinstance.py:1426} INFO - Exporting the following env vars:
AIRFLOW_CTX_DAG_OWNER=***
AIRFLOW_CTX_DAG_ID=init_dag
AIRFLOW_CTX_TASK_ID=insert_data
AIRFLOW_CTX_EXECUTION_DATE=2025-02-12T22:40:00+00:00
AIRFLOW_CTX_DAG_RUN_ID=scheduled__2025-02-12T22:40:00+00:00
[2025-02-12 22:45:01,848] {base.py:79} INFO - Using connection to: id: postgres. Host: postgres, Port: 5432, Schema: ***, Login: ***, Password: ***, extra: {}
[2025-02-12 22:45:01,850] {dbapi.py:225} INFO - Running statement: INSERT INTO egyptian_league_clubs (name_club, year_of_construction, degree_of_level_league, num_of_trophy) 
VALUES ('Al Ahly', 1907, 'Premier League', 42);

INSERT INTO egyptian_league_clubs (name_club, year_of_construction, degree_of_level_league, num_of_trophy) 
VALUES ('Zamalek', 1911, 'Premier League', 14);

INSERT INTO egyptian_league_clubs (name_club, year_of_construction, degree_of_level_league, num_of_trophy) 
VALUES ('Ismaily', 1924, 'Premier League', 3);

INSERT INTO egyptian_league_clubs (name_club, year_of_construction, degree_of_level_league, num_of_trophy) 
VALUES ('Al Masry', 1920, 'Premier League', 1);

INSERT INTO egyptian_league_clubs (name_club, year_of_construction, degree_of_level_league, num_of_trophy) 
VALUES ('Smouha', 1949, 'Premier League', 0);

INSERT INTO egyptian_league_clubs (name_club, year_of_construction, degree_of_level_league, num_of_trophy) 
VALUES ('El Gouna', 2003, 'Premier League', 0);

INSERT INTO egyptian_league_clubs (name_club, year_of_construction, degree_of_level_league, num_of_trophy) 
VALUES ('Pyramids', 2008, 'Premier League', 0);

INSERT INTO egyptian_league_clubs (name_club, year_of_construction, degree_of_level_league, num_of_trophy) 
VALUES ('Ghazl El Mahalla', 1936, 'Premier League', 1);

INSERT INTO egyptian_league_clubs (name_club, year_of_construction, degree_of_level_league, num_of_trophy) 
VALUES ('Ittihad Alexandria', 1914, 'Premier League', 6);

INSERT INTO egyptian_league_clubs (name_club, year_of_construction, degree_of_level_league, num_of_trophy) 
VALUES ('Talaa3 El Gaish', 1997, 'Premier League', 0);

INSERT INTO egyptian_league_clubs (name_club, year_of_construction, degree_of_level_league, num_of_trophy) 
VALUES ('Enppi', 1985, 'Premier League', 1);

INSERT INTO egyptian_league_clubs (name_club, year_of_construction, degree_of_level_league, num_of_trophy) 
VALUES ('Wadi Degla', 2002, 'Second Division', 0);

INSERT INTO egyptian_league_clubs (name_club, year_of_construction, degree_of_level_league, num_of_trophy) 
VALUES ('El Entag El Harby', 2004, 'Second Division', 0);

INSERT INTO egyptian_league_clubs (name_club, year_of_construction, degree_of_level_league, num_of_trophy) 
VALUES ('Petrojet', 1980, 'Second Division', 0);

INSERT INTO egyptian_league_clubs (name_club, year_of_construction, degree_of_level_league, num_of_trophy) 
VALUES ('Haras El Hodood', 1932, 'Premier League', 1);

INSERT INTO egyptian_league_clubs (name_club, year_of_construction, degree_of_level_league, num_of_trophy) 
VALUES ('Al Nasr', 1958, 'Second Division', 0);

INSERT INTO egyptian_league_clubs (name_club, year_of_construction, degree_of_level_league, num_of_trophy) 
VALUES ('Beni Suef', 1961, 'Second Division', 0);, parameters: None
[2025-02-12 22:45:01,852] {dbapi.py:233} INFO - Rows affected: 1
[2025-02-12 22:45:01,861] {taskinstance.py:1277} INFO - Marking task as SUCCESS. dag_id=init_dag, task_id=insert_data, execution_date=20250212T224000, start_date=20250212T224501, end_date=20250212T224501
[2025-02-12 22:45:01,873] {local_task_job.py:154} INFO - Task exited with return code 0
[2025-02-12 22:45:01,894] {local_task_job.py:264} INFO - 0 downstream tasks scheduled from follow-on schedule check
