[2025-02-12 22:45:00,535] {taskinstance.py:1032} INFO - Dependencies all met for <TaskInstance: init_dag.create_table scheduled__2025-02-12T22:40:00+00:00 [queued]>
[2025-02-12 22:45:00,541] {taskinstance.py:1032} INFO - Dependencies all met for <TaskInstance: init_dag.create_table scheduled__2025-02-12T22:40:00+00:00 [queued]>
[2025-02-12 22:45:00,541] {taskinstance.py:1238} INFO - 
--------------------------------------------------------------------------------
[2025-02-12 22:45:00,542] {taskinstance.py:1239} INFO - Starting attempt 1 of 1
[2025-02-12 22:45:00,542] {taskinstance.py:1240} INFO - 
--------------------------------------------------------------------------------
[2025-02-12 22:45:00,550] {taskinstance.py:1259} INFO - Executing <Task(PostgresOperator): create_table> on 2025-02-12 22:40:00+00:00
[2025-02-12 22:45:00,555] {standard_task_runner.py:76} INFO - Running: ['***', 'tasks', 'run', 'init_dag', 'create_table', 'scheduled__2025-02-12T22:40:00+00:00', '--job-id', '41', '--raw', '--subdir', 'DAGS_FOLDER/init_dag.py', '--cfg-path', '/tmp/tmpj40wexka', '--error-file', '/tmp/tmp3we67d4b']
[2025-02-12 22:45:00,556] {standard_task_runner.py:77} INFO - Job 41: Subtask create_table
[2025-02-12 22:45:00,553] {standard_task_runner.py:52} INFO - Started process 5470 to run task
[2025-02-12 22:45:00,589] {logging_mixin.py:109} INFO - Running <TaskInstance: init_dag.create_table scheduled__2025-02-12T22:40:00+00:00 [running]> on host c04d67a5d545
[2025-02-12 22:45:00,618] {taskinstance.py:1426} INFO - Exporting the following env vars:
AIRFLOW_CTX_DAG_OWNER=***
AIRFLOW_CTX_DAG_ID=init_dag
AIRFLOW_CTX_TASK_ID=create_table
AIRFLOW_CTX_EXECUTION_DATE=2025-02-12T22:40:00+00:00
AIRFLOW_CTX_DAG_RUN_ID=scheduled__2025-02-12T22:40:00+00:00
[2025-02-12 22:45:00,624] {base.py:79} INFO - Using connection to: id: postgres. Host: postgres, Port: 5432, Schema: ***, Login: ***, Password: ***, extra: {}
[2025-02-12 22:45:00,627] {dbapi.py:225} INFO - Running statement: CREATE TABLE IF NOT EXISTS egyptian_league_clubs (
    id SERIAL PRIMARY KEY,
    name_club VARCHAR(100) NOT NULL,
    year_of_construction INT NOT NULL,
    degree_of_level_league VARCHAR(50) NOT NULL,
    num_of_trophy INT NOT NULL
);, parameters: None
[2025-02-12 22:45:00,628] {postgres.py:71} INFO - NOTICE:  relation "egyptian_league_clubs" already exists, skipping

[2025-02-12 22:45:00,634] {taskinstance.py:1277} INFO - Marking task as SUCCESS. dag_id=init_dag, task_id=create_table, execution_date=20250212T224000, start_date=20250212T224500, end_date=20250212T224500
[2025-02-12 22:45:00,651] {local_task_job.py:154} INFO - Task exited with return code 0
[2025-02-12 22:45:00,670] {local_task_job.py:264} INFO - 1 downstream tasks scheduled from follow-on schedule check
