[2025-02-12 22:40:01,189] {taskinstance.py:1032} INFO - Dependencies all met for <TaskInstance: init_dag.create_table scheduled__2025-02-12T22:35:00+00:00 [queued]>
[2025-02-12 22:40:01,203] {taskinstance.py:1032} INFO - Dependencies all met for <TaskInstance: init_dag.create_table scheduled__2025-02-12T22:35:00+00:00 [queued]>
[2025-02-12 22:40:01,204] {taskinstance.py:1238} INFO - 
--------------------------------------------------------------------------------
[2025-02-12 22:40:01,205] {taskinstance.py:1239} INFO - Starting attempt 1 of 1
[2025-02-12 22:40:01,206] {taskinstance.py:1240} INFO - 
--------------------------------------------------------------------------------
[2025-02-12 22:40:01,223] {taskinstance.py:1259} INFO - Executing <Task(PostgresOperator): create_table> on 2025-02-12 22:35:00+00:00
[2025-02-12 22:40:01,230] {standard_task_runner.py:76} INFO - Running: ['***', 'tasks', 'run', 'init_dag', 'create_table', 'scheduled__2025-02-12T22:35:00+00:00', '--job-id', '39', '--raw', '--subdir', 'DAGS_FOLDER/init_dag.py', '--cfg-path', '/tmp/tmpwig0a84z', '--error-file', '/tmp/tmp9vt0d9gn']
[2025-02-12 22:40:01,231] {standard_task_runner.py:77} INFO - Job 39: Subtask create_table
[2025-02-12 22:40:01,228] {standard_task_runner.py:52} INFO - Started process 5205 to run task
[2025-02-12 22:40:01,287] {logging_mixin.py:109} INFO - Running <TaskInstance: init_dag.create_table scheduled__2025-02-12T22:35:00+00:00 [running]> on host c04d67a5d545
[2025-02-12 22:40:01,353] {taskinstance.py:1426} INFO - Exporting the following env vars:
AIRFLOW_CTX_DAG_OWNER=***
AIRFLOW_CTX_DAG_ID=init_dag
AIRFLOW_CTX_TASK_ID=create_table
AIRFLOW_CTX_EXECUTION_DATE=2025-02-12T22:35:00+00:00
AIRFLOW_CTX_DAG_RUN_ID=scheduled__2025-02-12T22:35:00+00:00
[2025-02-12 22:40:01,363] {base.py:79} INFO - Using connection to: id: postgres. Host: postgres, Port: 5432, Schema: ***, Login: ***, Password: ***, extra: {}
[2025-02-12 22:40:01,369] {dbapi.py:225} INFO - Running statement: CREATE TABLE IF NOT EXISTS egyptian_league_clubs (
    id SERIAL PRIMARY KEY,
    name_club VARCHAR(100) NOT NULL,
    year_of_construction INT NOT NULL,
    degree_of_level_league VARCHAR(50) NOT NULL,
    num_of_trophy INT NOT NULL
);, parameters: None
[2025-02-12 22:40:01,372] {postgres.py:71} INFO - NOTICE:  relation "egyptian_league_clubs" already exists, skipping

[2025-02-12 22:40:01,382] {taskinstance.py:1277} INFO - Marking task as SUCCESS. dag_id=init_dag, task_id=create_table, execution_date=20250212T223500, start_date=20250212T224001, end_date=20250212T224001
[2025-02-12 22:40:01,408] {local_task_job.py:154} INFO - Task exited with return code 0
[2025-02-12 22:40:01,441] {local_task_job.py:264} INFO - 1 downstream tasks scheduled from follow-on schedule check
